# JRE version: Java(TM) SE Runtime Environment (8.0_131-b11) (build 1.8.0_131-b11)
# Java VM: Java HotSpot(TM) 64-Bit Server VM (25.131-b11 mixed mode windows-amd64 compressed oops)
Heap:
 PSYoungGen      total 562176K, used 421521K [0x00000000d5580000, 0x00000000fc580000, 0x0000000100000000)
  eden space 530944K, 73% used [0x00000000d5580000,0x00000000ed2a9470,0x00000000f5c00000)
  from space 31232K, 99% used [0x00000000fa700000,0x00000000fc57b020,0x00000000fc580000)
  to   space 53248K, 0% used [0x00000000f5d80000,0x00000000f5d80000,0x00000000f9180000)
 ParOldGen       total 209920K, used 146500K [0x0000000080000000, 0x000000008cd00000, 0x00000000d5580000)
  object space 209920K, 69% used [0x0000000080000000,0x0000000088f11018,0x000000008cd00000)
 Metaspace       used 181314K, capacity 189152K, committed 189528K, reserved 1214464K
  class space    used 22446K, capacity 23811K, committed 23936K, reserved 1048576K
GC Heap History (10 events):
Event: 2775.387 GC heap before
{Heap before GC invocations=47 (full 5):
 PSYoungGen      total 622592K, used 622261K [0x00000000d5580000, 0x00000000ffc80000, 0x0000000100000000)
  eden space 607232K, 100% used [0x00000000d5580000,0x00000000fa680000,0x00000000fa680000)
  from space 15360K, 97% used [0x00000000fa680000,0x00000000fb52d658,0x00000000fb580000)
  to   space 43520K, 0% used [0x00000000fd200000,0x00000000fd200000,0x00000000ffc80000)
 ParOldGen       total 209920K, used 91739K [0x0000000080000000, 0x000000008cd00000, 0x00000000d5580000)
  object space 209920K, 43% used [0x0000000080000000,0x0000000085996d80,0x000000008cd00000)
 Metaspace       used 173305K, capacity 179568K, committed 180440K, reserved 1206272K
  class space    used 21751K, capacity 22921K, committed 23040K, reserved 1048576K
Event: 2775.438 GC heap after
Heap after GC invocations=47 (full 5):
 PSYoungGen      total 619520K, used 43502K [0x00000000d5580000, 0x0000000100000000, 0x0000000100000000)
  eden space 576000K, 0% used [0x00000000d5580000,0x00000000d5580000,0x00000000f8800000)
  from space 43520K, 99% used [0x00000000fd200000,0x00000000ffc7ba30,0x00000000ffc80000)
  to   space 61440K, 0% used [0x00000000f8800000,0x00000000f8800000,0x00000000fc400000)
 ParOldGen       total 209920K, used 121420K [0x0000000080000000, 0x000000008cd00000, 0x00000000d5580000)
  object space 209920K, 57% used [0x0000000080000000,0x00000000876933f0,0x000000008cd00000)
 Metaspace       used 173305K, capacity 179568K, committed 180440K, reserved 1206272K
  class space    used 21751K, capacity 22921K, committed 23040K, reserved 1048576K
}
Event: 2851.917 GC heap before
{Heap before GC invocations=48 (full 5):
 PSYoungGen      total 619520K, used 619502K [0x00000000d5580000, 0x0000000100000000, 0x0000000100000000)
  eden space 576000K, 100% used [0x00000000d5580000,0x00000000f8800000,0x00000000f8800000)
  from space 43520K, 99% used [0x00000000fd200000,0x00000000ffc7ba30,0x00000000ffc80000)
  to   space 61440K, 0% used [0x00000000f8800000,0x00000000f8800000,0x00000000fc400000)
 ParOldGen       total 209920K, used 121420K [0x0000000080000000, 0x000000008cd00000, 0x00000000d5580000)
  object space 209920K, 57% used [0x0000000080000000,0x00000000876933f0,0x000000008cd00000)
 Metaspace       used 176511K, capacity 183254K, committed 183640K, reserved 1210368K
  class space    used 22144K, capacity 23354K, committed 23424K, reserved 1048576K
Event: 2851.940 GC heap after
Heap after GC invocations=48 (full 5):
 PSYoungGen      total 637440K, used 18259K [0x00000000d5580000, 0x0000000100000000, 0x0000000100000000)
  eden space 576000K, 0% used [0x00000000d5580000,0x00000000d5580000,0x00000000f8800000)
  from space 61440K, 29% used [0x00000000f8800000,0x00000000f99d4dd8,0x00000000fc400000)
  to   space 58368K, 0% used [0x00000000fc700000,0x00000000fc700000,0x0000000100000000)
 ParOldGen       total 209920K, used 142525K [0x0000000080000000, 0x000000008cd00000, 0x00000000d5580000)
  object space 209920K, 67% used [0x0000000080000000,0x0000000088b2f698,0x000000008cd00000)
 Metaspace       used 176511K, capacity 183254K, committed 183640K, reserved 1210368K
  class space    used 22144K, capacity 23354K, committed 23424K, reserved 1048576K
}
Event: 3242.468 GC heap before
{Heap before GC invocations=49 (full 5):
 PSYoungGen      total 637440K, used 594259K [0x00000000d5580000, 0x0000000100000000, 0x0000000100000000)
  eden space 576000K, 100% used [0x00000000d5580000,0x00000000f8800000,0x00000000f8800000)
  from space 61440K, 29% used [0x00000000f8800000,0x00000000f99d4dd8,0x00000000fc400000)
  to   space 58368K, 0% used [0x00000000fc700000,0x00000000fc700000,0x0000000100000000)
 ParOldGen       total 209920K, used 142525K [0x0000000080000000, 0x000000008cd00000, 0x00000000d5580000)
  object space 209920K, 67% used [0x0000000080000000,0x0000000088b2f698,0x000000008cd00000)
 Metaspace       used 178426K, capacity 185356K, committed 185560K, reserved 1212416K
  class space    used 22224K, capacity 23493K, committed 23552K, reserved 1048576K
Event: 3242.522 GC heap after
Heap after GC invocations=49 (full 5):
 PSYoungGen      total 629248K, used 19766K [0x00000000d5580000, 0x00000000ff800000, 0x0000000100000000)
  eden space 579072K, 0% used [0x00000000d5580000,0x00000000d5580000,0x00000000f8b00000)
  from space 50176K, 39% used [0x00000000fc700000,0x00000000fda4dbd8,0x00000000ff800000)
  to   space 55808K, 0% used [0x00000000f8b00000,0x00000000f8b00000,0x00000000fc180000)
 ParOldGen       total 209920K, used 145713K [0x0000000080000000, 0x000000008cd00000, 0x00000000d5580000)
  object space 209920K, 69% used [0x0000000080000000,0x0000000088e4c730,0x000000008cd00000)
 Metaspace       used 178426K, capacity 185356K, committed 185560K, reserved 1212416K
  class space    used 22224K, capacity 23493K, committed 23552K, reserved 1048576K
}
Event: 3351.034 GC heap before
{Heap before GC invocations=50 (full 5):
 PSYoungGen      total 629248K, used 598838K [0x00000000d5580000, 0x00000000ff800000, 0x0000000100000000)
  eden space 579072K, 100% used [0x00000000d5580000,0x00000000f8b00000,0x00000000f8b00000)
  from space 50176K, 39% used [0x00000000fc700000,0x00000000fda4dbd8,0x00000000ff800000)
  to   space 55808K, 0% used [0x00000000f8b00000,0x00000000f8b00000,0x00000000fc180000)
 ParOldGen       total 209920K, used 145713K [0x0000000080000000, 0x000000008cd00000, 0x00000000d5580000)
  object space 209920K, 69% used [0x0000000080000000,0x0000000088e4c730,0x000000008cd00000)
 Metaspace       used 179444K, capacity 186754K, committed 186968K, reserved 1212416K
  class space    used 22288K, capacity 23604K, committed 23680K, reserved 1048576K
Event: 3351.050 GC heap after
Heap after GC invocations=50 (full 5):
 PSYoungGen      total 572928K, used 18008K [0x00000000d5580000, 0x00000000fdb00000, 0x0000000100000000)
  eden space 554496K, 0% used [0x00000000d5580000,0x00000000d5580000,0x00000000f7300000)
  from space 18432K, 97% used [0x00000000f8b00000,0x00000000f9c96048,0x00000000f9d00000)
  to   space 53248K, 0% used [0x00000000fa700000,0x00000000fa700000,0x00000000fdb00000)
 ParOldGen       total 209920K, used 146032K [0x0000000080000000, 0x000000008cd00000, 0x00000000d5580000)
  object space 209920K, 69% used [0x0000000080000000,0x0000000088e9c180,0x000000008cd00000)
 Metaspace       used 179444K, capacity 186754K, committed 186968K, reserved 1212416K
  class space    used 22288K, capacity 23604K, committed 23680K, reserved 1048576K
}
Event: 3613.852 GC heap before
{Heap before GC invocations=51 (full 5):
 PSYoungGen      total 572928K, used 572423K [0x00000000d5580000, 0x00000000fdb00000, 0x0000000100000000)
  eden space 554496K, 99% used [0x00000000d5580000,0x00000000f72ebf50,0x00000000f7300000)
  from space 18432K, 97% used [0x00000000f8b00000,0x00000000f9c96048,0x00000000f9d00000)
  to   space 53248K, 0% used [0x00000000fa700000,0x00000000fa700000,0x00000000fdb00000)
 ParOldGen       total 209920K, used 146492K [0x0000000080000000, 0x000000008cd00000, 0x00000000d5580000)
  object space 209920K, 69% used [0x0000000080000000,0x0000000088f0f018,0x000000008cd00000)
 Metaspace       used 180444K, capacity 187984K, committed 188120K, reserved 1214464K
  class space    used 22346K, capacity 23683K, committed 23808K, reserved 1048576K
Event: 3613.904 GC heap after
Heap after GC invocations=51 (full 5):
 PSYoungGen      total 562176K, used 31212K [0x00000000d5580000, 0x00000000fc580000, 0x0000000100000000)
  eden space 530944K, 0% used [0x00000000d5580000,0x00000000d5580000,0x00000000f5c00000)
  from space 31232K, 99% used [0x00000000fa700000,0x00000000fc57b020,0x00000000fc580000)
  to   space 53248K, 0% used [0x00000000f5d80000,0x00000000f5d80000,0x00000000f9180000)
 ParOldGen       total 209920K, used 146500K [0x0000000080000000, 0x000000008cd00000, 0x00000000d5580000)
  object space 209920K, 69% used [0x0000000080000000,0x0000000088f11018,0x000000008cd00000)
 Metaspace       used 180444K, capacity 187984K, committed 188120K, reserved 1214464K
  class space    used 22346K, capacity 23683K, committed 23808K, reserved 1048576K
}

